============================= test session starts ==============================
platform darwin -- Python 3.10.6, pytest-8.0.2, pluggy-1.4.0 -- /Users/victordecoster/.pyenv/versions/3.10.6/envs/taxifare-env/bin/python3.10
cachedir: .pytest_cache
rootdir: /Users/victordecoster/code/wukimidaire/07-ML-Ops/04-Predict-in-production/data-fast-api/tests
configfile: pytest_kitt.ini
plugins: asyncio-0.23.5, anyio-3.7.1
asyncio: mode=strict
collecting ... collected 12 items

tests/api/test_cloud_endpoints.py::test_root_is_up PASSED                [  8%]
tests/api/test_cloud_endpoints.py::test_root_returns_greeting PASSED     [ 16%]
tests/api/test_cloud_endpoints.py::test_predict_is_up PASSED             [ 25%]
tests/api/test_cloud_endpoints.py::test_predict_is_dict PASSED           [ 33%]
tests/api/test_cloud_endpoints.py::test_predict_has_key PASSED           [ 41%]
tests/api/test_cloud_endpoints.py::test_cloud_api_predict PASSED         [ 50%]
tests/api/test_endpoints.py::test_root_is_up PASSED                      [ 58%]
tests/api/test_endpoints.py::test_root_returns_greeting PASSED           [ 66%]
tests/api/test_endpoints.py::test_predict_is_up PASSED                   [ 75%]
tests/api/test_endpoints.py::test_predict_is_dict PASSED                 [ 83%]
tests/api/test_endpoints.py::test_predict_has_key PASSED                 [ 91%]
tests/api/test_endpoints.py::test_predict_val_is_float PASSED            [100%]

======================= 12 passed, 18 warnings in 1.96s ========================
